Maria
Paula
Vinicius
Jessica
Joao

Juca
Jose
Ricardo

Cecilia
Samuel
Beatriz
Eloa
Manuela
Miguel
Ana
Arthur
Isabella
Julia
Isadora
Theo
Helena
Valentina
Lorenzo
Sophia
Mariana
Enzo
Giovanna
Pedro
Heloisa
Gabriel
Murilo
Livia
Lorena
Luiza
Alice
Maria
Guilherme
Heitor
Emanuelly
Eduarda
Lucca
Bernardo
Henrique

Beatriz
Arthur
Giovanna
Theo
Maria
Cecilia
Lorena
Joaquim
Lara
Benjamin
Mariana
Isadora
Gustavo
Bernardo
Helena
Manuela
Emanuelly
Davi
Lorenzo
Isabella
Julia
Sophia
Nicolas
Eduarda
Lucca
Miguel
Henrique
Clara
Heloisa
Enzo
Gabriel
Heitor
Pedro
Murilo
Ana
Pietro
Samuel
Valentina
Guilherme
Matheus
Alice
Laura
Livia
Eloa
Luiza
Lucas

Gustavo
Henrique
Benjamin
Samuel
Julia
Heitor
Isabella
Cecilia
Luiza
Joaquim
Arthur
Matheus
Manuela
Pedro
Theo
Ana
Guilherme
Lorena
Beatriz
Eloa
Clara
Maria
Lucas
Nicolas
Rafael
Isadora
Eduarda
Alice
Helena
Gabriel
Lorenzo
Davi
Enzo
Livia
Lucca
Miguel
Lara
Emanuelly
Valentina

Arthur
Helena
Murilo
Rafael
Eloa
Lara
Gabriel
Theo
Henrique
Lorenzo
Davi
Luiza
Heitor
Matheus
Miguel
Clara
Nicolas
Valentina
Lucas
Enzo
Manuela
Alice
Gustavo
Lorena
Benjamin
Lucca
Laura
Maria
Isadora
Cecilia
Julia
Bernardo
Emanuelly
Eduarda
Beatriz
Mariana
Heloisa
Ana
Samuel

Bernardo
Enzo
Livia
Gabriel
Davi
Joaquim
Emanuelly
Helena
Lorena
Eloa
Beatriz
Benjamin
Gustavo
Eduarda
Clara
Mariana
Arthur
Pedro
Isabella
Heitor
Lara
Manuela
Lucas
Rafael
Samuel
Pietro
Alice
Lucca
Theo
Giovanna

Benjamin
Emanuelly
Matheus
Sophia
Theo
Eloa
Helena
Lorenzo
Murilo
Alice
Lara
Miguel
Heloisa
Nicolas
Mariana
Bernardo
Heitor
Laura
Henrique
Pedro
Clara
Samuel
Maria
Luiza
Davi
Julia
Lucca
Pietro
Lucas
Rafael
Cecilia
Joaquim
Eduarda
Enzo
Lorena

Henrique
Valentina
Pietro
Rafael
Matheus
Davi
Eduarda
Lorenzo
Luiza
Heloisa
Miguel
Helena
Pedro
Cecilia
Bernardo
Murilo
Mariana
Isabella
Benjamin
Nicolas
Lara
Gabriel
Isadora
Sophia
Heitor
Theo
Alice
Guilherme
Arthur
Manuela
Joaquim
Livia
Ana
Samuel
Clara
Laura
Gustavo

Rafael
Gustavo
Pietro
Samuel
Murilo
Cecilia
Sophia
Alice
Miguel
Pedro
Lorenzo
Joaquim
Livia
Mariana
Enzo
Lucas
Arthur
Heloisa
Bernardo
Eduarda
Matheus
Henrique
Gabriel
Julia
Isabella
Maria
Emanuelly
Manuela
Clara
Heitor
Valentina
Helena
Eloa
Beatriz
Lara
Giovanna
Davi
Guilherme
Theo
Luiza
Lucca
Lorena
Laura
Nicolas

Mariana
Laura
Matheus
Sophia
Samuel
Pedro
Gustavo
Arthur
Valentina
Giovanna
Benjamin
Helena
Theo
Lorena
Lucca
Eduarda
Pietro
Gabriel
Eloa
Miguel
Isadora
Davi
Guilherme
Heitor
Clara
Henrique
Maria
Livia
Nicolas
Julia
Beatriz
Emanuelly
Heloisa
Alice
Lucas
Cecilia
Bernardo
Ana
Manuela
Luiza
Isabella

Rafael
Lara
Livia
Isabella
Isadora
Miguel
Pietro
Cecilia
Valentina
Davi
Gabriel
Benjamin
Heloisa
Gustavo
Eduarda
Laura
Bernardo
Clara
Manuela
Giovanna
Sophia
Eloa
Lorena
Lorenzo
Alice
Beatriz
Arthur
Nicolas
Joaquim
Lucas
Julia
Guilherme
